<?xml version="1.0" encoding="windows-1252" standalone="no"?>
<!DOCTYPE log SYSTEM "logger.dtd">
<log>
<record>
  <date>2023-09-12T16:35:25.002880Z</date>
  <millis>1694536525002</millis>
  <nanos>880000</nanos>
  <sequence>0</sequence>
  <logger>com.gym.general.workout.added_workouts</logger>
  <level>INFO</level>
  <class>com.gym.general.login.login_main</class>
  <method>&lt;init&gt;</method>
  <thread>18</thread>
  <message>Login Window Opened</message>
</record>
</log>
<?xml version="1.0" encoding="windows-1252" standalone="no"?>
<!DOCTYPE log SYSTEM "logger.dtd">
<log>
<record>
  <date>2023-09-12T16:35:34.299261900Z</date>
  <millis>1694536534299</millis>
  <nanos>261900</nanos>
  <sequence>0</sequence>
  <logger>com.gym.general.workout.added_workouts</logger>
  <level>INFO</level>
  <class>com.gym.general.login.login_main</class>
  <method>&lt;init&gt;</method>
  <thread>18</thread>
  <message>Login Window Opened</message>
</record>
<record>
  <date>2023-09-12T16:35:46.885112200Z</date>
  <millis>1694536546885</millis>
  <nanos>112200</nanos>
  <sequence>1</sequence>
  <logger>com.gym.general.workout.added_workouts</logger>
  <level>INFO</level>
  <class>com.gym.general.login.PanelLoginAndRegister</class>
  <method>check_access_type</method>
  <thread>18</thread>
  <message>Admin Logged In</message>
</record>
<?xml version="1.0" encoding="windows-1252" standalone="no"?>
<!DOCTYPE log SYSTEM "logger.dtd">
<log>
<record>
  <date>2023-09-13T05:13:53.751280900Z</date>
  <millis>1694582033751</millis>
  <nanos>280900</nanos>
  <sequence>0</sequence>
  <logger>com.gym.general.workout.added_workouts</logger>
  <level>INFO</level>
  <class>com.gym.general.login.login_main</class>
  <method>&lt;init&gt;</method>
  <thread>18</thread>
  <message>Login Window Opened</message>
</record>
<record>
  <date>2023-09-13T05:14:05.209253300Z</date>
  <millis>1694582045209</millis>
  <nanos>253300</nanos>
  <sequence>1</sequence>
  <logger>com.gym.general.workout.added_workouts</logger>
  <level>INFO</level>
  <class>com.gym.general.login.PanelLoginAndRegister</class>
  <method>check_access_type</method>
  <thread>18</thread>
  <message>Admin Logged In</message>
</record>
</log>
